*** Using Compiler 'V5.06 update 5 (build 528)', folder: 'C:\Keil_v5\ARM\ARMCC\Bin'
Build target 'Sample'
creating preprocessor file for system_stm32f4xx.c...
creating preprocessor file for stm32f4xx_hal.c...
creating preprocessor file for stm32f4xx_hal_cortex.c...
creating preprocessor file for stm32f4xx_hal_gpio.c...
creating preprocessor file for stm32f4xx_hal_pwr.c...
creating preprocessor file for stm32f4xx_hal_pwr_ex.c...
creating preprocessor file for stm32f4xx_hal_rcc.c...
creating preprocessor file for stm32f4xx_hal_rcc_ex.c...
creating preprocessor file for stm32f4xx_hal_adc.c...
creating preprocessor file for stm32f4xx_hal_adc_ex.c...
creating preprocessor file for stm32f4xx_hal_dma.c...
creating preprocessor file for stm32f4xx_hal_dma_ex.c...
creating preprocessor file for stm32f4xx_hal_i2c.c...
creating preprocessor file for stm32f4xx_hal_i2c_ex.c...
creating preprocessor file for stm32f4xx_hal_spi.c...
creating preprocessor file for stm32f4xx_hal_tim.c...
creating preprocessor file for stm32f4xx_hal_tim_ex.c...
creating preprocessor file for stm32f4xx_hal_usart.c...
creating preprocessor file for stm32f4xx_hal_uart.c...
creating preprocessor file for main.c...
creating preprocessor file for stm32f4xx_it.c...
creating preprocessor file for MyI2C.c...
creating preprocessor file for Delay.c...
compiling main.c...
creating preprocessor file for GY86.c...
creating preprocessor file for OLED.c...
creating preprocessor file for BLDC.c...
creating preprocessor file for Receive_IC.c...
creating preprocessor file for ReadPeripherals.c...
linking...
Program Size: Code=14922 RO-data=774 RW-data=32 ZI-data=1920  
".\Objects\T2.axf" - 0 Error(s), 0 Warning(s).
Build Time Elapsed:  00:00:04
