*** Using Compiler 'V5.06 update 5 (build 528)', folder: 'C:\Keil_v5\ARM\ARMCC\Bin'
Build target 'Sample'
creating preprocessor file for system_stm32f4xx.c...
creating preprocessor file for stm32f4xx_hal.c...
creating preprocessor file for stm32f4xx_hal_cortex.c...
creating preprocessor file for stm32f4xx_hal_gpio.c...
creating preprocessor file for stm32f4xx_hal_pwr.c...
creating preprocessor file for stm32f4xx_hal_pwr_ex.c...
creating preprocessor file for stm32f4xx_hal_rcc.c...
creating preprocessor file for stm32f4xx_hal_rcc_ex.c...
creating preprocessor file for stm32f4xx_hal_adc.c...
creating preprocessor file for stm32f4xx_hal_adc_ex.c...
creating preprocessor file for stm32f4xx_hal_dma.c...
creating preprocessor file for stm32f4xx_hal_dma_ex.c...
creating preprocessor file for stm32f4xx_hal_i2c.c...
creating preprocessor file for stm32f4xx_hal_i2c_ex.c...
creating preprocessor file for stm32f4xx_hal_spi.c...
creating preprocessor file for stm32f4xx_hal_tim.c...
creating preprocessor file for stm32f4xx_hal_tim_ex.c...
creating preprocessor file for stm32f4xx_hal_usart.c...
creating preprocessor file for stm32f4xx_hal_uart.c...
creating preprocessor file for main.c...
creating preprocessor file for stm32f4xx_it.c...
creating preprocessor file for MyI2C.c...
creating preprocessor file for Delay.c...
creating preprocessor file for GY86.c...
creating preprocessor file for OLED.c...
creating preprocessor file for BMP180.c...
creating preprocessor file for TB6612FNG.c...
compiling TB6612FNG.c...
"no source": Error:  #5: cannot open source input file "MyLib\TB6612FNG.c": No such file or directory
MyLib\TB6612FNG.c: 0 warnings, 1 error
compiling main.c...
.\MyLib\BLDC.h(38): warning:  #1-D: last line of file ends without a newline
  #endif
Src\main.c: 1 warning, 0 errors
compiling BMP180.c...
compiling MyI2C.c...
compiling GY86.c...
compiling OLED.c...
compiling stm32f4xx_it.c...
compiling Delay.c...
linking...
.\Objects\T2.axf: Error: L6218E: Undefined symbol BLDC_Init (referred from main.o).
.\Objects\T2.axf: Error: L6218E: Undefined symbol BLDC_SetThrottle_us (referred from main.o).
Not enough information to list image symbols.
Not enough information to list load addresses in the image map.
Finished: 2 information, 0 warning and 2 error messages.
".\Objects\T2.axf" - 2 Error(s), 1 Warning(s).
Target not created.
Build Time Elapsed:  00:01:31
